<?xml version="1.0" encoding="UTF-8"?>
<testng-results ignored="0" total="0" passed="0" failed="0" skipped="0">
  <reporter-output>
  </reporter-output>
  <suite started-at="2024-05-09T09:45:44 GMT-07:00" name="Suite" finished-at="2024-05-09T09:45:44 GMT-07:00" duration-ms="22">
    <groups>
    </groups>
    <test started-at="2024-05-09T09:45:44 GMT-07:00" name="HomePageTest" finished-at="2024-05-09T09:45:44 GMT-07:00" duration-ms="22">
    </test> <!-- HomePageTest -->
  </suite> <!-- Suite -->
</testng-results>
